<?xml version="1.0" encoding="UTF-8" ?>
<testsuite failures="0" time="4.327" errors="1" skipped="0" tests="1" name="ProcessPersistenceTest">
  <properties>
[...]
</properties>
  <testcase time="4.327" classname="ProcessPersistenceTest" name="testProcess">
    <error message="Unable to get LastModified for ClasspathResource" type="java.lang.RuntimeException">java.lang.RuntimeException: Unable to get LastModified for ClasspathResource
	at org.drools.core.io.impl.ClassPathResource.getLastModified(ClassPathResource.java:212)
	at org.drools.core.io.impl.ClassPathResource.getInputStream(ClassPathResource.java:149)
	at org.drools.core.io.impl.ClassPathResource.getReader(ClassPathResource.java:234)
	at org.jbpm.compiler.ProcessBuilderImpl.addProcessFromXml(ProcessBuilderImpl.java:267)
	at org.drools.compiler.builder.impl.KnowledgeBuilderImpl.addProcessFromXml(KnowledgeBuilderImpl.java:619)
	at org.drools.compiler.builder.impl.KnowledgeBuilderImpl.addKnowledgeResource(KnowledgeBuilderImpl.java:672)
	at org.drools.compiler.builder.impl.KnowledgeBuilderImpl.add(KnowledgeBuilderImpl.java:2164)
	at org.drools.compiler.builder.impl.KnowledgeBuilderImpl.add(KnowledgeBuilderImpl.java:2153)
	at org.jbpm.runtime.manager.impl.SimpleRuntimeEnvironment.addAsset(SimpleRuntimeEnvironment.java:158)
	at org.jbpm.runtime.manager.impl.RuntimeEnvironmentBuilder.addAsset(RuntimeEnvironmentBuilder.java:341)
	at org.jbpm.runtime.manager.impl.RuntimeEnvironmentBuilder.addAsset(RuntimeEnvironmentBuilder.java:74)
	at org.jbpm.test.JbpmJUnitBaseTestCase.createRuntimeManager(JbpmJUnitBaseTestCase.java:442)
	at org.jbpm.test.JbpmJUnitBaseTestCase.createRuntimeManager(JbpmJUnitBaseTestCase.java:268)
	at org.jbpm.test.JbpmJUnitBaseTestCase.createRuntimeManager(JbpmJUnitBaseTestCase.java:250)
	at ProcessPersistenceTest.testProcess(ProcessPersistenceTest.java:25)
	at sun.reflect.NativeMethodAccessorImpl.invoke0(Native Method)
	at sun.reflect.NativeMethodAccessorImpl.invoke(NativeMethodAccessorImpl.java:57)
	at sun.reflect.DelegatingMethodAccessorImpl.invoke(DelegatingMethodAccessorImpl.java:43)
	at java.lang.reflect.Method.invoke(Method.java:606)
	at org.junit.runners.model.FrameworkMethod$1.runReflectiveCall(FrameworkMethod.java:47)
	at org.junit.internal.runners.model.ReflectiveCallable.run(ReflectiveCallable.java:12)
	at org.junit.runners.model.FrameworkMethod.invokeExplosively(FrameworkMethod.java:44)
	at org.junit.internal.runners.statements.InvokeMethod.evaluate(InvokeMethod.java:17)
	at org.junit.internal.runners.statements.RunBefores.evaluate(RunBefores.java:26)
	at org.junit.internal.runners.statements.RunAfters.evaluate(RunAfters.java:27)
	at org.junit.runners.ParentRunner.runLeaf(ParentRunner.java:271)
	at org.junit.runners.BlockJUnit4ClassRunner.runChild(BlockJUnit4ClassRunner.java:70)
	at org.junit.runners.BlockJUnit4ClassRunner.runChild(BlockJUnit4ClassRunner.java:50)
	at org.junit.runners.ParentRunner$3.run(ParentRunner.java:238)
	at org.junit.runners.ParentRunner$1.schedule(ParentRunner.java:63)
	at org.junit.runners.ParentRunner.runChildren(ParentRunner.java:236)
	at org.junit.runners.ParentRunner.access$000(ParentRunner.java:53)
	at org.junit.runners.ParentRunner$2.evaluate(ParentRunner.java:229)
	at org.junit.runners.ParentRunner.run(ParentRunner.java:309)
	at org.apache.maven.surefire.junit4.JUnit4Provider.execute(JUnit4Provider.java:252)
	at org.apache.maven.surefire.junit4.JUnit4Provider.executeTestSet(JUnit4Provider.java:141)
	at org.apache.maven.surefire.junit4.JUnit4Provider.invoke(JUnit4Provider.java:112)
	at sun.reflect.NativeMethodAccessorImpl.invoke0(Native Method)
	at sun.reflect.NativeMethodAccessorImpl.invoke(NativeMethodAccessorImpl.java:57)
	at sun.reflect.DelegatingMethodAccessorImpl.invoke(DelegatingMethodAccessorImpl.java:43)
	at java.lang.reflect.Method.invoke(Method.java:606)
	at org.apache.maven.surefire.util.ReflectionUtils.invokeMethodWithArray(ReflectionUtils.java:189)
	at org.apache.maven.surefire.booter.ProviderFactory$ProviderProxy.invoke(ProviderFactory.java:165)
	at org.apache.maven.surefire.booter.ProviderFactory.invokeProvider(ProviderFactory.java:85)
	at org.apache.maven.surefire.booter.ForkedBooter.runSuitesInProcess(ForkedBooter.java:115)
	at org.apache.maven.surefire.booter.ForkedBooter.main(ForkedBooter.java:75)
Caused by: java.io.FileNotFoundException: &apos;Approvals.ParentApprovalProcess&apos; cannot be opened because it does not exist
	at org.drools.core.io.impl.ClassPathResource.getURL(ClassPathResource.java:173)
	at org.drools.core.io.impl.ClassPathResource.getLastModified(ClassPathResource.java:185)
	... 45 more
</error>
    <system-err>SLF4J: Failed to load class &quot;org.slf4j.impl.StaticLoggerBinder&quot;.
SLF4J: Defaulting to no-operation (NOP) logger implementation
SLF4J: See http://www.slf4j.org/codes.html#StaticLoggerBinder for further details.
Jul 09, 2015 8:46:02 AM org.hibernate.annotations.common.Version &lt;clinit&gt;
INFO: HCANN000001: Hibernate Commons Annotations {4.0.2.Final-redhat-1}
Jul 09, 2015 8:46:03 AM org.hibernate.Version logVersion
INFO: HHH000412: Hibernate Core {4.2.18.Final-redhat-2}
Jul 09, 2015 8:46:03 AM org.hibernate.cfg.Environment &lt;clinit&gt;
INFO: HHH000206: hibernate.properties not found
Jul 09, 2015 8:46:03 AM org.hibernate.cfg.Environment buildBytecodeProvider
INFO: HHH000021: Bytecode provider name : javassist
Jul 09, 2015 8:46:03 AM org.hibernate.cfg.Configuration addResource
INFO: HHH000221: Reading mappings from resource: META-INF/JBPMorm.xml
Jul 09, 2015 8:46:03 AM org.hibernate.cfg.Configuration addResource
INFO: HHH000221: Reading mappings from resource: META-INF/Taskorm.xml
Jul 09, 2015 8:46:03 AM org.hibernate.cfg.Configuration addResource
INFO: HHH000221: Reading mappings from resource: META-INF/TaskAuditorm.xml
Jul 09, 2015 8:46:03 AM org.hibernate.dialect.Dialect &lt;init&gt;
INFO: HHH000400: Using dialect: org.hibernate.dialect.H2Dialect
Jul 09, 2015 8:46:04 AM org.hibernate.engine.transaction.internal.TransactionFactoryInitiator initiateService
INFO: HHH000268: Transaction strategy: org.hibernate.engine.transaction.internal.jta.CMTTransactionFactory
Jul 09, 2015 8:46:04 AM org.hibernate.hql.internal.ast.ASTQueryTranslatorFactory &lt;init&gt;
INFO: HHH000397: Using ASTQueryTranslatorFactory
Jul 09, 2015 8:46:04 AM org.hibernate.tool.hbm2ddl.SchemaUpdate execute
INFO: HHH000228: Running hbm2ddl schema update
Jul 09, 2015 8:46:04 AM org.hibernate.tool.hbm2ddl.SchemaUpdate execute
INFO: HHH000102: Fetching database metadata
Jul 09, 2015 8:46:04 AM org.hibernate.tool.hbm2ddl.SchemaUpdate execute
INFO: HHH000396: Updating schema
Jul 09, 2015 8:46:04 AM org.hibernate.tool.hbm2ddl.DatabaseMetadata getTableMetadata
INFO: HHH000262: Table not found: Attachment
Jul 09, 2015 8:46:04 AM org.hibernate.tool.hbm2ddl.DatabaseMetadata getTableMetadata
INFO: HHH000262: Table not found: AuditTaskImpl
Jul 09, 2015 8:46:04 AM org.hibernate.tool.hbm2ddl.DatabaseMetadata getTableMetadata
INFO: HHH000262: Table not found: BAMTaskSummary
Jul 09, 2015 8:46:04 AM org.hibernate.tool.hbm2ddl.DatabaseMetadata getTableMetadata
INFO: HHH000262: Table not found: BooleanExpression
Jul 09, 2015 8:46:04 AM org.hibernate.tool.hbm2ddl.DatabaseMetadata getTableMetadata
INFO: HHH000262: Table not found: Content
Jul 09, 2015 8:46:04 AM org.hibernate.tool.hbm2ddl.DatabaseMetadata getTableMetadata
INFO: HHH000262: Table not found: ContextMappingInfo
Jul 09, 2015 8:46:04 AM org.hibernate.tool.hbm2ddl.DatabaseMetadata getTableMetadata
INFO: HHH000262: Table not found: CorrelationKeyInfo
Jul 09, 2015 8:46:04 AM org.hibernate.tool.hbm2ddl.DatabaseMetadata getTableMetadata
INFO: HHH000262: Table not found: CorrelationPropertyInfo
Jul 09, 2015 8:46:04 AM org.hibernate.tool.hbm2ddl.DatabaseMetadata getTableMetadata
INFO: HHH000262: Table not found: Deadline
Jul 09, 2015 8:46:04 AM org.hibernate.tool.hbm2ddl.DatabaseMetadata getTableMetadata
INFO: HHH000262: Table not found: Delegation_delegates
Jul 09, 2015 8:46:04 AM org.hibernate.tool.hbm2ddl.DatabaseMetadata getTableMetadata
INFO: HHH000262: Table not found: Escalation
Jul 09, 2015 8:46:04 AM org.hibernate.tool.hbm2ddl.DatabaseMetadata getTableMetadata
INFO: HHH000262: Table not found: EventTypes
Jul 09, 2015 8:46:05 AM org.hibernate.tool.hbm2ddl.DatabaseMetadata getTableMetadata
INFO: HHH000262: Table not found: I18NText
Jul 09, 2015 8:46:05 AM org.hibernate.tool.hbm2ddl.DatabaseMetadata getTableMetadata
INFO: HHH000262: Table not found: NodeInstanceLog
Jul 09, 2015 8:46:05 AM org.hibernate.tool.hbm2ddl.DatabaseMetadata getTableMetadata
INFO: HHH000262: Table not found: Notification
Jul 09, 2015 8:46:05 AM org.hibernate.tool.hbm2ddl.DatabaseMetadata getTableMetadata
INFO: HHH000262: Table not found: Notification_BAs
Jul 09, 2015 8:46:05 AM org.hibernate.tool.hbm2ddl.DatabaseMetadata getTableMetadata
INFO: HHH000262: Table not found: Notification_Recipients
Jul 09, 2015 8:46:05 AM org.hibernate.tool.hbm2ddl.DatabaseMetadata getTableMetadata
INFO: HHH000262: Table not found: Notification_email_header
Jul 09, 2015 8:46:05 AM org.hibernate.tool.hbm2ddl.DatabaseMetadata getTableMetadata
INFO: HHH000262: Table not found: OrganizationalEntity
Jul 09, 2015 8:46:05 AM org.hibernate.tool.hbm2ddl.DatabaseMetadata getTableMetadata
INFO: HHH000262: Table not found: PeopleAssignments_BAs
Jul 09, 2015 8:46:05 AM org.hibernate.tool.hbm2ddl.DatabaseMetadata getTableMetadata
INFO: HHH000262: Table not found: PeopleAssignments_ExclOwners
Jul 09, 2015 8:46:05 AM org.hibernate.tool.hbm2ddl.DatabaseMetadata getTableMetadata
INFO: HHH000262: Table not found: PeopleAssignments_PotOwners
Jul 09, 2015 8:46:05 AM org.hibernate.tool.hbm2ddl.DatabaseMetadata getTableMetadata
INFO: HHH000262: Table not found: PeopleAssignments_Recipients
Jul 09, 2015 8:46:05 AM org.hibernate.tool.hbm2ddl.DatabaseMetadata getTableMetadata
INFO: HHH000262: Table not found: PeopleAssignments_Stakeholders
Jul 09, 2015 8:46:05 AM org.hibernate.tool.hbm2ddl.DatabaseMetadata getTableMetadata
INFO: HHH000262: Table not found: ProcessInstanceInfo
Jul 09, 2015 8:46:05 AM org.hibernate.tool.hbm2ddl.DatabaseMetadata getTableMetadata
INFO: HHH000262: Table not found: ProcessInstanceLog
Jul 09, 2015 8:46:05 AM org.hibernate.tool.hbm2ddl.DatabaseMetadata getTableMetadata
INFO: HHH000262: Table not found: Reassignment
Jul 09, 2015 8:46:05 AM org.hibernate.tool.hbm2ddl.DatabaseMetadata getTableMetadata
INFO: HHH000262: Table not found: Reassignment_potentialOwners
Jul 09, 2015 8:46:05 AM org.hibernate.tool.hbm2ddl.DatabaseMetadata getTableMetadata
INFO: HHH000262: Table not found: SessionInfo
Jul 09, 2015 8:46:05 AM org.hibernate.tool.hbm2ddl.DatabaseMetadata getTableMetadata
INFO: HHH000262: Table not found: Task
Jul 09, 2015 8:46:05 AM org.hibernate.tool.hbm2ddl.DatabaseMetadata getTableMetadata
INFO: HHH000262: Table not found: TaskEvent
Jul 09, 2015 8:46:05 AM org.hibernate.tool.hbm2ddl.DatabaseMetadata getTableMetadata
INFO: HHH000262: Table not found: VariableInstanceLog
Jul 09, 2015 8:46:05 AM org.hibernate.tool.hbm2ddl.DatabaseMetadata getTableMetadata
INFO: HHH000262: Table not found: WorkItemInfo
Jul 09, 2015 8:46:05 AM org.hibernate.tool.hbm2ddl.DatabaseMetadata getTableMetadata
INFO: HHH000262: Table not found: email_header
Jul 09, 2015 8:46:05 AM org.hibernate.tool.hbm2ddl.DatabaseMetadata getTableMetadata
INFO: HHH000262: Table not found: task_comment
Jul 09, 2015 8:46:05 AM org.hibernate.tool.hbm2ddl.DatabaseMetadata getTableMetadata
INFO: HHH000262: Table not found: Attachment
Jul 09, 2015 8:46:05 AM org.hibernate.tool.hbm2ddl.DatabaseMetadata getTableMetadata
INFO: HHH000262: Table not found: AuditTaskImpl
Jul 09, 2015 8:46:05 AM org.hibernate.tool.hbm2ddl.DatabaseMetadata getTableMetadata
INFO: HHH000262: Table not found: BAMTaskSummary
Jul 09, 2015 8:46:05 AM org.hibernate.tool.hbm2ddl.DatabaseMetadata getTableMetadata
INFO: HHH000262: Table not found: BooleanExpression
Jul 09, 2015 8:46:05 AM org.hibernate.tool.hbm2ddl.DatabaseMetadata getTableMetadata
INFO: HHH000262: Table not found: Content
Jul 09, 2015 8:46:05 AM org.hibernate.tool.hbm2ddl.DatabaseMetadata getTableMetadata
INFO: HHH000262: Table not found: ContextMappingInfo
Jul 09, 2015 8:46:05 AM org.hibernate.tool.hbm2ddl.DatabaseMetadata getTableMetadata
INFO: HHH000262: Table not found: CorrelationKeyInfo
Jul 09, 2015 8:46:05 AM org.hibernate.tool.hbm2ddl.DatabaseMetadata getTableMetadata
INFO: HHH000262: Table not found: CorrelationPropertyInfo
Jul 09, 2015 8:46:05 AM org.hibernate.tool.hbm2ddl.DatabaseMetadata getTableMetadata
INFO: HHH000262: Table not found: Deadline
Jul 09, 2015 8:46:05 AM org.hibernate.tool.hbm2ddl.DatabaseMetadata getTableMetadata
INFO: HHH000262: Table not found: Delegation_delegates
Jul 09, 2015 8:46:05 AM org.hibernate.tool.hbm2ddl.DatabaseMetadata getTableMetadata
INFO: HHH000262: Table not found: Escalation
Jul 09, 2015 8:46:05 AM org.hibernate.tool.hbm2ddl.DatabaseMetadata getTableMetadata
INFO: HHH000262: Table not found: EventTypes
Jul 09, 2015 8:46:05 AM org.hibernate.tool.hbm2ddl.DatabaseMetadata getTableMetadata
INFO: HHH000262: Table not found: I18NText
Jul 09, 2015 8:46:05 AM org.hibernate.tool.hbm2ddl.DatabaseMetadata getTableMetadata
INFO: HHH000262: Table not found: NodeInstanceLog
Jul 09, 2015 8:46:05 AM org.hibernate.tool.hbm2ddl.DatabaseMetadata getTableMetadata
INFO: HHH000262: Table not found: Notification
Jul 09, 2015 8:46:05 AM org.hibernate.tool.hbm2ddl.DatabaseMetadata getTableMetadata
INFO: HHH000262: Table not found: Notification_BAs
Jul 09, 2015 8:46:05 AM org.hibernate.tool.hbm2ddl.DatabaseMetadata getTableMetadata
INFO: HHH000262: Table not found: Notification_Recipients
Jul 09, 2015 8:46:05 AM org.hibernate.tool.hbm2ddl.DatabaseMetadata getTableMetadata
INFO: HHH000262: Table not found: Notification_email_header
Jul 09, 2015 8:46:05 AM org.hibernate.tool.hbm2ddl.DatabaseMetadata getTableMetadata
INFO: HHH000262: Table not found: OrganizationalEntity
Jul 09, 2015 8:46:05 AM org.hibernate.tool.hbm2ddl.DatabaseMetadata getTableMetadata
INFO: HHH000262: Table not found: PeopleAssignments_BAs
Jul 09, 2015 8:46:05 AM org.hibernate.tool.hbm2ddl.DatabaseMetadata getTableMetadata
INFO: HHH000262: Table not found: PeopleAssignments_ExclOwners
Jul 09, 2015 8:46:05 AM org.hibernate.tool.hbm2ddl.DatabaseMetadata getTableMetadata
INFO: HHH000262: Table not found: PeopleAssignments_PotOwners
Jul 09, 2015 8:46:05 AM org.hibernate.tool.hbm2ddl.DatabaseMetadata getTableMetadata
INFO: HHH000262: Table not found: PeopleAssignments_Recipients
Jul 09, 2015 8:46:05 AM org.hibernate.tool.hbm2ddl.DatabaseMetadata getTableMetadata
INFO: HHH000262: Table not found: PeopleAssignments_Stakeholders
Jul 09, 2015 8:46:05 AM org.hibernate.tool.hbm2ddl.DatabaseMetadata getTableMetadata
INFO: HHH000262: Table not found: ProcessInstanceInfo
Jul 09, 2015 8:46:05 AM org.hibernate.tool.hbm2ddl.DatabaseMetadata getTableMetadata
INFO: HHH000262: Table not found: ProcessInstanceLog
Jul 09, 2015 8:46:05 AM org.hibernate.tool.hbm2ddl.DatabaseMetadata getTableMetadata
INFO: HHH000262: Table not found: Reassignment
Jul 09, 2015 8:46:05 AM org.hibernate.tool.hbm2ddl.DatabaseMetadata getTableMetadata
INFO: HHH000262: Table not found: Reassignment_potentialOwners
Jul 09, 2015 8:46:05 AM org.hibernate.tool.hbm2ddl.DatabaseMetadata getTableMetadata
INFO: HHH000262: Table not found: SessionInfo
Jul 09, 2015 8:46:05 AM org.hibernate.tool.hbm2ddl.DatabaseMetadata getTableMetadata
INFO: HHH000262: Table not found: Task
Jul 09, 2015 8:46:05 AM org.hibernate.tool.hbm2ddl.DatabaseMetadata getTableMetadata
INFO: HHH000262: Table not found: TaskEvent
Jul 09, 2015 8:46:05 AM org.hibernate.tool.hbm2ddl.DatabaseMetadata getTableMetadata
INFO: HHH000262: Table not found: VariableInstanceLog
Jul 09, 2015 8:46:05 AM org.hibernate.tool.hbm2ddl.DatabaseMetadata getTableMetadata
INFO: HHH000262: Table not found: WorkItemInfo
Jul 09, 2015 8:46:05 AM org.hibernate.tool.hbm2ddl.DatabaseMetadata getTableMetadata
INFO: HHH000262: Table not found: email_header
Jul 09, 2015 8:46:05 AM org.hibernate.tool.hbm2ddl.DatabaseMetadata getTableMetadata
INFO: HHH000262: Table not found: task_comment
Jul 09, 2015 8:46:05 AM org.hibernate.tool.hbm2ddl.DatabaseMetadata getTableMetadata
INFO: HHH000262: Table not found: Attachment
Jul 09, 2015 8:46:05 AM org.hibernate.tool.hbm2ddl.DatabaseMetadata getTableMetadata
INFO: HHH000262: Table not found: AuditTaskImpl
Jul 09, 2015 8:46:05 AM org.hibernate.tool.hbm2ddl.DatabaseMetadata getTableMetadata
INFO: HHH000262: Table not found: BAMTaskSummary
Jul 09, 2015 8:46:05 AM org.hibernate.tool.hbm2ddl.DatabaseMetadata getTableMetadata
INFO: HHH000262: Table not found: BooleanExpression
Jul 09, 2015 8:46:05 AM org.hibernate.tool.hbm2ddl.DatabaseMetadata getTableMetadata
INFO: HHH000262: Table not found: Content
Jul 09, 2015 8:46:05 AM org.hibernate.tool.hbm2ddl.DatabaseMetadata getTableMetadata
INFO: HHH000262: Table not found: ContextMappingInfo
Jul 09, 2015 8:46:05 AM org.hibernate.tool.hbm2ddl.DatabaseMetadata getTableMetadata
INFO: HHH000262: Table not found: CorrelationKeyInfo
Jul 09, 2015 8:46:05 AM org.hibernate.tool.hbm2ddl.DatabaseMetadata getTableMetadata
INFO: HHH000262: Table not found: CorrelationPropertyInfo
Jul 09, 2015 8:46:05 AM org.hibernate.tool.hbm2ddl.DatabaseMetadata getTableMetadata
INFO: HHH000262: Table not found: Deadline
Jul 09, 2015 8:46:05 AM org.hibernate.tool.hbm2ddl.DatabaseMetadata getTableMetadata
INFO: HHH000262: Table not found: Delegation_delegates
Jul 09, 2015 8:46:05 AM org.hibernate.tool.hbm2ddl.DatabaseMetadata getTableMetadata
INFO: HHH000262: Table not found: Escalation
Jul 09, 2015 8:46:05 AM org.hibernate.tool.hbm2ddl.DatabaseMetadata getTableMetadata
INFO: HHH000262: Table not found: EventTypes
Jul 09, 2015 8:46:05 AM org.hibernate.tool.hbm2ddl.DatabaseMetadata getTableMetadata
INFO: HHH000262: Table not found: I18NText
Jul 09, 2015 8:46:05 AM org.hibernate.tool.hbm2ddl.DatabaseMetadata getTableMetadata
INFO: HHH000262: Table not found: NodeInstanceLog
Jul 09, 2015 8:46:05 AM org.hibernate.tool.hbm2ddl.DatabaseMetadata getTableMetadata
INFO: HHH000262: Table not found: Notification
Jul 09, 2015 8:46:05 AM org.hibernate.tool.hbm2ddl.DatabaseMetadata getTableMetadata
INFO: HHH000262: Table not found: Notification_BAs
Jul 09, 2015 8:46:05 AM org.hibernate.tool.hbm2ddl.DatabaseMetadata getTableMetadata
INFO: HHH000262: Table not found: Notification_Recipients
Jul 09, 2015 8:46:05 AM org.hibernate.tool.hbm2ddl.DatabaseMetadata getTableMetadata
INFO: HHH000262: Table not found: Notification_email_header
Jul 09, 2015 8:46:05 AM org.hibernate.tool.hbm2ddl.DatabaseMetadata getTableMetadata
INFO: HHH000262: Table not found: OrganizationalEntity
Jul 09, 2015 8:46:05 AM org.hibernate.tool.hbm2ddl.DatabaseMetadata getTableMetadata
INFO: HHH000262: Table not found: PeopleAssignments_BAs
Jul 09, 2015 8:46:05 AM org.hibernate.tool.hbm2ddl.DatabaseMetadata getTableMetadata
INFO: HHH000262: Table not found: PeopleAssignments_ExclOwners
Jul 09, 2015 8:46:05 AM org.hibernate.tool.hbm2ddl.DatabaseMetadata getTableMetadata
INFO: HHH000262: Table not found: PeopleAssignments_PotOwners
Jul 09, 2015 8:46:05 AM org.hibernate.tool.hbm2ddl.DatabaseMetadata getTableMetadata
INFO: HHH000262: Table not found: PeopleAssignments_Recipients
Jul 09, 2015 8:46:05 AM org.hibernate.tool.hbm2ddl.DatabaseMetadata getTableMetadata
INFO: HHH000262: Table not found: PeopleAssignments_Stakeholders
Jul 09, 2015 8:46:05 AM org.hibernate.tool.hbm2ddl.DatabaseMetadata getTableMetadata
INFO: HHH000262: Table not found: ProcessInstanceInfo
Jul 09, 2015 8:46:05 AM org.hibernate.tool.hbm2ddl.DatabaseMetadata getTableMetadata
INFO: HHH000262: Table not found: ProcessInstanceLog
Jul 09, 2015 8:46:05 AM org.hibernate.tool.hbm2ddl.DatabaseMetadata getTableMetadata
INFO: HHH000262: Table not found: Reassignment
Jul 09, 2015 8:46:05 AM org.hibernate.tool.hbm2ddl.DatabaseMetadata getTableMetadata
INFO: HHH000262: Table not found: Reassignment_potentialOwners
Jul 09, 2015 8:46:05 AM org.hibernate.tool.hbm2ddl.DatabaseMetadata getTableMetadata
INFO: HHH000262: Table not found: SessionInfo
Jul 09, 2015 8:46:05 AM org.hibernate.tool.hbm2ddl.DatabaseMetadata getTableMetadata
INFO: HHH000262: Table not found: Task
Jul 09, 2015 8:46:05 AM org.hibernate.tool.hbm2ddl.DatabaseMetadata getTableMetadata
INFO: HHH000262: Table not found: TaskEvent
Jul 09, 2015 8:46:05 AM org.hibernate.tool.hbm2ddl.DatabaseMetadata getTableMetadata
INFO: HHH000262: Table not found: VariableInstanceLog
Jul 09, 2015 8:46:05 AM org.hibernate.tool.hbm2ddl.DatabaseMetadata getTableMetadata
INFO: HHH000262: Table not found: WorkItemInfo
Jul 09, 2015 8:46:05 AM org.hibernate.tool.hbm2ddl.DatabaseMetadata getTableMetadata
INFO: HHH000262: Table not found: email_header
Jul 09, 2015 8:46:05 AM org.hibernate.tool.hbm2ddl.DatabaseMetadata getTableMetadata
INFO: HHH000262: Table not found: task_comment
Jul 09, 2015 8:46:05 AM org.hibernate.tool.hbm2ddl.SchemaUpdate execute
INFO: HHH000232: Schema update complete
</system-err>
  </testcase>
</testsuite>